In file included from msdaemon.c:4:
settings.h: In function ‘getsetting’:
settings.h:13: error: parameter name omitted
settings.h: In function ‘print_element_names’:
settings.h:16: error: expected ‘=’, ‘,’, ‘;’, ‘asm’ or ‘__attribute__’ before ‘int’
In file included from /usr/include/dbus-1.0/dbus/dbus-glib.h:28,
                 from dbus.h:8,
                 from msdaemon.c:6:
/usr/include/dbus-1.0/dbus/dbus-shared.h:61: error: expected declaration specifiers before ‘DBusBusType’
In file included from /usr/include/dbus-1.0/dbus/dbus-glib.h:28,
                 from dbus.h:8,
                 from msdaemon.c:6:
/usr/include/dbus-1.0/dbus/dbus-shared.h:71: error: storage class specified for parameter ‘DBusHandlerResult’
In file included from dbus.h:8,
                 from msdaemon.c:6:
/usr/include/dbus-1.0/dbus/dbus-glib.h:38: error: storage class specified for parameter ‘DBusGConnection’
/usr/include/dbus-1.0/dbus/dbus-glib.h:42: error: storage class specified for parameter ‘DBusGMessage’
/usr/include/dbus-1.0/dbus/dbus-glib.h:51: error: expected declaration specifiers before ‘DBusGConnection’
/usr/include/dbus-1.0/dbus/dbus-glib.h:52: error: expected ‘)’ before ‘*’ token
/usr/include/dbus-1.0/dbus/dbus-glib.h:53: error: expected declaration specifiers before ‘DBusGMessage’
/usr/include/dbus-1.0/dbus/dbus-glib.h:54: error: expected ‘)’ before ‘*’ token
/usr/include/dbus-1.0/dbus/dbus-glib.h:56: error: expected ‘)’ before ‘*’ token
/usr/include/dbus-1.0/dbus/dbus-glib.h:96: error: storage class specified for parameter ‘DBusGError’
/usr/include/dbus-1.0/dbus/dbus-glib.h:104: error: expected declaration specifiers before ‘DBusGConnection’
/usr/include/dbus-1.0/dbus/dbus-glib.h:106: error: expected declaration specifiers before ‘DBusGConnection’
/usr/include/dbus-1.0/dbus/dbus-glib.h:108: error: expected declaration specifiers before ‘DBusGConnection’
/usr/include/dbus-1.0/dbus/dbus-glib.h:113: error: storage class specified for parameter ‘DBusGObjectInfo’
/usr/include/dbus-1.0/dbus/dbus-glib.h:114: error: storage class specified for parameter ‘DBusGMethodInfo’
/usr/include/dbus-1.0/dbus/dbus-glib.h:126: warning: empty declaration
/usr/include/dbus-1.0/dbus/dbus-glib.h:150: error: expected ‘:’, ‘,’, ‘;’, ‘}’ or ‘__attribute__’ before ‘*’ token
/usr/include/dbus-1.0/dbus/dbus-glib.h:146: warning: empty declaration
/usr/include/dbus-1.0/dbus/dbus-glib.h:160: warning: type defaults to ‘int’ in declaration of ‘DBusGObjectInfo’
/usr/include/dbus-1.0/dbus/dbus-glib.h:160: error: expected ‘;’, ‘,’ or ‘)’ before ‘*’ token
/usr/include/dbus-1.0/dbus/dbus-glib.h:170: error: expected ‘)’ before ‘*’ token
/usr/include/dbus-1.0/dbus/dbus-glib.h:173: error: expected ‘)’ before ‘*’ token
/usr/include/dbus-1.0/dbus/dbus-glib.h:175: error: expected ‘)’ before ‘*’ token
In file included from /usr/include/dbus-1.0/dbus/dbus-glib.h:181,
                 from dbus.h:8,
                 from msdaemon.c:6:
/usr/include/dbus-1.0/dbus/dbus-gtype-specialized.h:54: error: storage class specified for parameter ‘DBusGTypeSpecializedCollectionIterator’
/usr/include/dbus-1.0/dbus/dbus-gtype-specialized.h:57: error: storage class specified for parameter ‘DBusGTypeSpecializedMapIterator’
/usr/include/dbus-1.0/dbus/dbus-gtype-specialized.h:69: error: storage class specified for parameter ‘DBusGTypeSpecializedAppendContext’
/usr/include/dbus-1.0/dbus/dbus-gtype-specialized.h:71: error: expected declaration specifiers or ‘...’ before ‘DBusGTypeSpecializedAppendContext’
/usr/include/dbus-1.0/dbus/dbus-gtype-specialized.h:73: error: expected ‘)’ before ‘*’ token
/usr/include/dbus-1.0/dbus/dbus-gtype-specialized.h:75: error: expected ‘)’ before ‘*’ token
/usr/include/dbus-1.0/dbus/dbus-gtype-specialized.h:77: error: expected ‘)’ before ‘*’ token
/usr/include/dbus-1.0/dbus/dbus-gtype-specialized.h:87: error: expected declaration specifiers or ‘...’ before ‘DBusGTypeSpecializedCollectionIterator’
/usr/include/dbus-1.0/dbus/dbus-gtype-specialized.h:91: error: expected declaration specifiers or ‘...’ before ‘DBusGTypeSpecializedMapIterator’
/usr/include/dbus-1.0/dbus/dbus-gtype-specialized.h:109: error: storage class specified for parameter ‘DBusGTypeSpecializedConstructor’
/usr/include/dbus-1.0/dbus/dbus-gtype-specialized.h:110: error: storage class specified for parameter ‘DBusGTypeSpecializedFreeFunc’
/usr/include/dbus-1.0/dbus/dbus-gtype-specialized.h:111: error: storage class specified for parameter ‘DBusGTypeSpecializedCopyFunc’
/usr/include/dbus-1.0/dbus/dbus-gtype-specialized.h:114: error: expected specifier-qualifier-list before ‘DBusGTypeSpecializedConstructor’
/usr/include/dbus-1.0/dbus/dbus-gtype-specialized.h:120: error: storage class specified for parameter ‘DBusGTypeSpecializedVtable’
/usr/include/dbus-1.0/dbus/dbus-gtype-specialized.h:122: error: storage class specified for parameter ‘DBusGTypeSpecializedCollectionFixedAccessorFunc’
In file included from /usr/include/dbus-1.0/dbus/dbus-glib.h:181,
                 from dbus.h:8,
                 from msdaemon.c:6:
/usr/include/dbus-1.0/dbus/dbus-gtype-specialized.h:123: error: expected declaration specifiers or ‘...’ before ‘DBusGTypeSpecializedCollectionIterator’
/usr/include/dbus-1.0/dbus/dbus-gtype-specialized.h:123: error: storage class specified for parameter ‘DBusGTypeSpecializedCollectionIteratorFunc’
/usr/include/dbus-1.0/dbus/dbus-gtype-specialized.h:124: error: expected ‘)’ before ‘*’ token
/usr/include/dbus-1.0/dbus/dbus-gtype-specialized.h:125: error: expected ‘)’ before ‘*’ token
/usr/include/dbus-1.0/dbus/dbus-gtype-specialized.h:128: error: expected specifier-qualifier-list before ‘DBusGTypeSpecializedVtable’
/usr/include/dbus-1.0/dbus/dbus-gtype-specialized.h:133: error: storage class specified for parameter ‘DBusGTypeSpecializedCollectionVtable’
/usr/include/dbus-1.0/dbus/dbus-gtype-specialized.h:135: error: expected declaration specifiers or ‘...’ before ‘DBusGTypeSpecializedMapIterator’
/usr/include/dbus-1.0/dbus/dbus-gtype-specialized.h:135: error: storage class specified for parameter ‘DBusGTypeSpecializedMapIteratorFunc’
/usr/include/dbus-1.0/dbus/dbus-gtype-specialized.h:136: error: expected ‘)’ before ‘*’ token
/usr/include/dbus-1.0/dbus/dbus-gtype-specialized.h:139: error: expected specifier-qualifier-list before ‘DBusGTypeSpecializedVtable’
/usr/include/dbus-1.0/dbus/dbus-gtype-specialized.h:142: error: storage class specified for parameter ‘DBusGTypeSpecializedMapVtable’
/usr/include/dbus-1.0/dbus/dbus-gtype-specialized.h:144: error: storage class specified for parameter ‘DBusGTypeSpecializedStructGetMember’
/usr/include/dbus-1.0/dbus/dbus-gtype-specialized.h:145: error: storage class specified for parameter ‘DBusGTypeSpecializedStructSetMember’
/usr/include/dbus-1.0/dbus/dbus-gtype-specialized.h:148: error: expected specifier-qualifier-list before ‘DBusGTypeSpecializedVtable’
/usr/include/dbus-1.0/dbus/dbus-gtype-specialized.h:151: error: storage class specified for parameter ‘DBusGTypeSpecializedStructVtable’
/usr/include/dbus-1.0/dbus/dbus-gtype-specialized.h:156: warning: type defaults to ‘int’ in declaration of ‘DBusGTypeSpecializedCollectionVtable’
/usr/include/dbus-1.0/dbus/dbus-gtype-specialized.h:156: error: expected ‘;’, ‘,’ or ‘)’ before ‘*’ token
/usr/include/dbus-1.0/dbus/dbus-gtype-specialized.h:160: warning: type defaults to ‘int’ in declaration of ‘DBusGTypeSpecializedMapVtable’
/usr/include/dbus-1.0/dbus/dbus-gtype-specialized.h:160: error: expected ‘;’, ‘,’ or ‘)’ before ‘*’ token
/usr/include/dbus-1.0/dbus/dbus-gtype-specialized.h:164: warning: type defaults to ‘int’ in declaration of ‘DBusGTypeSpecializedStructVtable’
/usr/include/dbus-1.0/dbus/dbus-gtype-specialized.h:164: error: expected ‘;’, ‘,’ or ‘)’ before ‘*’ token
/usr/include/dbus-1.0/dbus/dbus-gtype-specialized.h:167: error: expected ‘=’, ‘,’, ‘;’, ‘asm’ or ‘__attribute__’ before ‘*’ token
/usr/include/dbus-1.0/dbus/dbus-gtype-specialized.h:168: error: expected ‘=’, ‘,’, ‘;’, ‘asm’ or ‘__attribute__’ before ‘*’ token
/usr/include/dbus-1.0/dbus/dbus-gtype-specialized.h:170: error: expected ‘=’, ‘,’, ‘;’, ‘asm’ or ‘__attribute__’ before ‘*’ token
In file included from dbus.h:8,
                 from msdaemon.c:6:
/usr/include/dbus-1.0/dbus/dbus-glib.h:209: error: storage class specified for parameter ‘DBusGProxy’
/usr/include/dbus-1.0/dbus/dbus-glib.h:210: error: storage class specified for parameter ‘DBusGProxyClass’
/usr/include/dbus-1.0/dbus/dbus-glib.h:219: warning: empty declaration
/usr/include/dbus-1.0/dbus/dbus-glib.h:224: warning: empty declaration
/usr/include/dbus-1.0/dbus/dbus-glib.h:229: error: storage class specified for parameter ‘DBusGProxyCall’
/usr/include/dbus-1.0/dbus/dbus-glib.h:230: error: expected ‘)’ before ‘*’ token
/usr/include/dbus-1.0/dbus/dbus-glib.h:235: error: expected declaration specifiers before ‘DBusGProxy’
/usr/include/dbus-1.0/dbus/dbus-glib.h:239: error: expected declaration specifiers before ‘DBusGProxy’
/usr/include/dbus-1.0/dbus/dbus-glib.h:244: error: expected declaration specifiers before ‘DBusGProxy’
/usr/include/dbus-1.0/dbus/dbus-glib.h:247: error: expected declaration specifiers before ‘DBusGProxy’
/usr/include/dbus-1.0/dbus/dbus-glib.h:251: error: expected ‘)’ before ‘*’ token
/usr/include/dbus-1.0/dbus/dbus-glib.h:253: error: expected ‘)’ before ‘*’ token
/usr/include/dbus-1.0/dbus/dbus-glib.h:258: error: expected ‘)’ before ‘*’ token
/usr/include/dbus-1.0/dbus/dbus-glib.h:263: error: expected ‘)’ before ‘*’ token
/usr/include/dbus-1.0/dbus/dbus-glib.h:268: error: expected ‘)’ before ‘*’ token
/usr/include/dbus-1.0/dbus/dbus-glib.h:274: error: expected ‘)’ before ‘*’ token
/usr/include/dbus-1.0/dbus/dbus-glib.h:281: error: expected ‘)’ before ‘*’ token
/usr/include/dbus-1.0/dbus/dbus-glib.h:286: error: expected declaration specifiers before ‘DBusGProxyCall’
/usr/include/dbus-1.0/dbus/dbus-glib.h:293: error: expected declaration specifiers before ‘DBusGProxyCall’
/usr/include/dbus-1.0/dbus/dbus-glib.h:302: error: expected ‘)’ before ‘*’ token
/usr/include/dbus-1.0/dbus/dbus-glib.h:305: error: expected ‘)’ before ‘*’ token
/usr/include/dbus-1.0/dbus/dbus-glib.h:310: error: expected ‘)’ before ‘*’ token
/usr/include/dbus-1.0/dbus/dbus-glib.h:313: error: expected ‘)’ before ‘*’ token
/usr/include/dbus-1.0/dbus/dbus-glib.h:315: error: expected ‘)’ before ‘*’ token
/usr/include/dbus-1.0/dbus/dbus-glib.h:317: error: expected ‘)’ before ‘*’ token
/usr/include/dbus-1.0/dbus/dbus-glib.h:319: error: storage class specified for parameter ‘DBusGMethodInvocation’
/usr/include/dbus-1.0/dbus/dbus-glib.h:321: error: expected ‘)’ before ‘*’ token
/usr/include/dbus-1.0/dbus/dbus-glib.h:323: error: expected ‘)’ before ‘*’ token
/usr/include/dbus-1.0/dbus/dbus-glib.h:329: error: storage class specified for parameter ‘DBusGAsyncData’
In file included from dbus.h:9,
                 from msdaemon.c:6:
/usr/include/string.h:46: error: storage class specified for parameter ‘memcpy’
/usr/include/string.h:50: error: storage class specified for parameter ‘memmove’
/usr/include/string.h:65: error: storage class specified for parameter ‘memset’
/usr/include/string.h:69: error: storage class specified for parameter ‘memcmp’
/usr/include/string.h:96: error: storage class specified for parameter ‘memchr’
/usr/include/string.h:129: error: storage class specified for parameter ‘strcpy’
/usr/include/string.h:133: error: storage class specified for parameter ‘strncpy’
/usr/include/string.h:137: error: storage class specified for parameter ‘strcat’
/usr/include/string.h:140: error: storage class specified for parameter ‘strncat’
/usr/include/string.h:144: error: storage class specified for parameter ‘strcmp’
/usr/include/string.h:147: error: storage class specified for parameter ‘strncmp’
/usr/include/string.h:151: error: storage class specified for parameter ‘strcoll’
/usr/include/string.h:155: error: storage class specified for parameter ‘strxfrm’
/usr/include/string.h:236: error: storage class specified for parameter ‘strchr’
/usr/include/string.h:263: error: storage class specified for parameter ‘strrchr’
/usr/include/string.h:285: error: storage class specified for parameter ‘strcspn’
/usr/include/string.h:289: error: storage class specified for parameter ‘strspn’
/usr/include/string.h:315: error: storage class specified for parameter ‘strpbrk’
/usr/include/string.h:343: error: storage class specified for parameter ‘strstr’
/usr/include/string.h:349: error: storage class specified for parameter ‘strtok’
/usr/include/string.h:357: error: storage class specified for parameter ‘__strtok_r’
/usr/include/string.h:400: error: storage class specified for parameter ‘strlen’
/usr/include/string.h:413: error: storage class specified for parameter ‘strerror’
/usr/include/string.h:451: error: storage class specified for parameter ‘__bzero’
In file included from msdaemon.c:6:
dbus.h:10: warning: empty declaration
In file included from sql.h:8,
                 from msdaemon.c:8:
/usr/include/mysql/mysql.h:53: error: storage class specified for parameter ‘my_bool’
/usr/include/mysql/mysql.h:67: error: storage class specified for parameter ‘my_socket’
In file included from /usr/include/mysql/mysql.h:73,
                 from sql.h:8,
                 from msdaemon.c:8:
/usr/include/mysql/mysql_com.h:229: error: storage class specified for parameter ‘Vio’
/usr/include/mysql/mysql_com.h:241: error: expected specifier-qualifier-list before ‘Vio’
/usr/include/mysql/mysql_com.h:290: error: storage class specified for parameter ‘NET’
/usr/include/mysql/mysql_com.h:404: error: expected declaration specifiers before ‘my_bool’
/usr/include/mysql/mysql_com.h:405: error: expected ‘)’ before ‘*’ token
/usr/include/mysql/mysql_com.h:406: error: expected ‘)’ before ‘*’ token
/usr/include/mysql/mysql_com.h:407: error: expected ‘)’ before ‘*’ token
/usr/include/mysql/mysql_com.h:408: error: expected declaration specifiers before ‘my_bool’
/usr/include/mysql/mysql_com.h:409: error: expected declaration specifiers before ‘my_bool’
/usr/include/mysql/mysql_com.h:410: error: expected declaration specifiers before ‘my_bool’
/usr/include/mysql/mysql_com.h:411: error: expected declaration specifiers before ‘my_bool’
/usr/include/mysql/mysql_com.h:414: error: expected ‘)’ before ‘*’ token
/usr/include/mysql/mysql_com.h:415: error: expected ‘)’ before ‘*’ token
/usr/include/mysql/mysql_com.h:427: error: expected ‘)’ before ‘s’
/usr/include/mysql/mysql_com.h:454: error: storage class specified for parameter ‘UDF_ARGS’
/usr/include/mysql/mysql_com.h:460: error: expected specifier-qualifier-list before ‘my_bool’
/usr/include/mysql/mysql_com.h:466: error: storage class specified for parameter ‘UDF_INIT’
/usr/include/mysql/mysql_com.h:495: error: expected declaration specifiers before ‘my_bool’
/usr/include/mysql/mysql_com.h:502: error: expected declaration specifiers before ‘my_bool’
/usr/include/mysql/mysql_com.h:515: error: expected declaration specifiers before ‘my_bool’
In file included from /usr/include/mysql/mysql.h:74,
                 from sql.h:8,
                 from msdaemon.c:8:
/usr/include/mysql/mysql_time.h:51: error: expected specifier-qualifier-list before ‘my_bool’
/usr/include/mysql/mysql_time.h:53: error: storage class specified for parameter ‘MYSQL_TIME’
In file included from /usr/include/mysql/mysql.h:76,
                 from sql.h:8,
                 from msdaemon.c:8:
/usr/include/mysql/my_list.h:26: error: storage class specified for parameter ‘LIST’
/usr/include/mysql/my_list.h:28: error: storage class specified for parameter ‘list_walk_action’
/usr/include/mysql/my_list.h:30: error: expected ‘=’, ‘,’, ‘;’, ‘asm’ or ‘__attribute__’ before ‘*’ token
/usr/include/mysql/my_list.h:31: error: expected ‘=’, ‘,’, ‘;’, ‘asm’ or ‘__attribute__’ before ‘*’ token
/usr/include/mysql/my_list.h:32: error: expected ‘=’, ‘,’, ‘;’, ‘asm’ or ‘__attribute__’ before ‘*’ token
/usr/include/mysql/my_list.h:33: error: expected ‘=’, ‘,’, ‘;’, ‘asm’ or ‘__attribute__’ before ‘*’ token
/usr/include/mysql/my_list.h:34: error: expected ‘)’ before ‘*’ token
/usr/include/mysql/my_list.h:35: error: expected ‘)’ before ‘*’ token
/usr/include/mysql/my_list.h:36: error: expected ‘)’ before ‘*’ token
In file included from sql.h:8,
                 from msdaemon.c:8:
/usr/include/mysql/mysql.h:78: error: storage class specified for parameter ‘mysql_port’
/usr/include/mysql/mysql.h:79: error: storage class specified for parameter ‘mysql_unix_port’
In file included from sql.h:8,
                 from msdaemon.c:8:
/usr/include/mysql/mysql.h:119: error: storage class specified for parameter ‘MYSQL_FIELD’
/usr/include/mysql/mysql.h:121: error: storage class specified for parameter ‘MYSQL_ROW’
/usr/include/mysql/mysql.h:122: error: storage class specified for parameter ‘MYSQL_FIELD_OFFSET’
/usr/include/mysql/mysql.h:130: error: storage class specified for parameter ‘my_ulonglong’
In file included from /usr/include/mysql/typelib.h:20,
                 from /usr/include/mysql/mysql.h:134,
                 from sql.h:8,
                 from msdaemon.c:8:
/usr/include/mysql/my_alloc.h:31: error: storage class specified for parameter ‘USED_MEM’
/usr/include/mysql/my_alloc.h:36: error: expected specifier-qualifier-list before ‘USED_MEM’
/usr/include/mysql/my_alloc.h:50: error: storage class specified for parameter ‘MEM_ROOT’
In file included from /usr/include/mysql/mysql.h:134,
                 from sql.h:8,
                 from msdaemon.c:8:
/usr/include/mysql/typelib.h:27: error: storage class specified for parameter ‘TYPELIB’
/usr/include/mysql/typelib.h:29: error: expected ‘=’, ‘,’, ‘;’, ‘asm’ or ‘__attribute__’ before ‘find_typeset’
/usr/include/mysql/typelib.h:30: error: expected declaration specifiers or ‘...’ before ‘TYPELIB’
/usr/include/mysql/typelib.h:31: error: storage class specified for parameter ‘find_type_or_exit’
/usr/include/mysql/typelib.h:32: error: expected ‘;’, ‘,’ or ‘)’ before ‘*’ token
/usr/include/mysql/typelib.h:33: error: expected declaration specifiers or ‘...’ before ‘TYPELIB’
/usr/include/mysql/typelib.h:33: error: storage class specified for parameter ‘make_type’
/usr/include/mysql/typelib.h:34: error: expected ‘)’ before ‘*’ token
/usr/include/mysql/typelib.h:35: error: expected ‘=’, ‘,’, ‘;’, ‘asm’ or ‘__attribute__’ before ‘*’ token
/usr/include/mysql/typelib.h:37: error: expected ‘=’, ‘,’, ‘;’, ‘asm’ or ‘__attribute__’ before ‘sql_protocol_typelib’
In file included from sql.h:8,
                 from msdaemon.c:8:
/usr/include/mysql/mysql.h:143: error: expected specifier-qualifier-list before ‘MYSQL_ROW’
/usr/include/mysql/mysql.h:145: error: storage class specified for parameter ‘MYSQL_ROWS’
/usr/include/mysql/mysql.h:147: error: expected ‘=’, ‘,’, ‘;’, ‘asm’ or ‘__attribute__’ before ‘*’ token
/usr/include/mysql/mysql.h:151: error: storage class specified for parameter ‘EMBEDDED_QUERY_RESULT’
/usr/include/mysql/mysql.h:153: error: expected specifier-qualifier-list before ‘MYSQL_ROWS’
/usr/include/mysql/mysql.h:160: error: storage class specified for parameter ‘MYSQL_DATA’
/usr/include/mysql/mysql.h:189: error: expected specifier-qualifier-list before ‘my_bool’
/usr/include/mysql/mysql.h:255: error: storage class specified for parameter ‘MY_CHARSET_INFO’
/usr/include/mysql/mysql.h:262: error: expected specifier-qualifier-list before ‘NET’
/usr/include/mysql/mysql.h:315: error: storage class specified for parameter ‘MYSQL’
/usr/include/mysql/mysql.h:319: error: expected specifier-qualifier-list before ‘my_ulonglong’
/usr/include/mysql/mysql.h:334: error: storage class specified for parameter ‘MYSQL_RES’
/usr/include/mysql/mysql.h:352: error: expected specifier-qualifier-list before ‘NET’
/usr/include/mysql/mysql.h:363: error: storage class specified for parameter ‘MYSQL_MANAGER’
/usr/include/mysql/mysql.h:370: error: storage class specified for parameter ‘MYSQL_PARAMETERS’
/usr/include/mysql/mysql.h:397: error: expected declaration specifiers before ‘MYSQL_PARAMETERS’
/usr/include/mysql/mysql.h:405: error: expected declaration specifiers before ‘my_bool’
/usr/include/mysql/mysql.h:413: error: expected declaration specifiers before ‘my_ulonglong’
/usr/include/mysql/mysql.h:414: error: expected ‘)’ before ‘*’ token
/usr/include/mysql/mysql.h:415: error: expected declaration specifiers before ‘my_bool’
/usr/include/mysql/mysql.h:416: error: expected declaration specifiers before ‘MYSQL_FIELD’
/usr/include/mysql/mysql.h:418: error: expected declaration specifiers before ‘MYSQL_FIELD’
/usr/include/mysql/mysql.h:419: error: expected declaration specifiers before ‘MYSQL_ROW_OFFSET’
/usr/include/mysql/mysql.h:420: error: expected declaration specifiers before ‘MYSQL_FIELD_OFFSET’
/usr/include/mysql/mysql.h:422: error: expected ‘)’ before ‘*’ token
/usr/include/mysql/mysql.h:423: error: expected declaration specifiers before ‘my_ulonglong’
/usr/include/mysql/mysql.h:424: error: expected declaration specifiers before ‘my_ulonglong’
/usr/include/mysql/mysql.h:425: error: expected ‘)’ before ‘*’ token
/usr/include/mysql/mysql.h:426: error: expected ‘)’ before ‘*’ token
/usr/include/mysql/mysql.h:427: error: expected ‘)’ before ‘*’ token
/usr/include/mysql/mysql.h:428: error: expected ‘)’ before ‘*’ token
/usr/include/mysql/mysql.h:429: error: expected ‘)’ before ‘*’ token
/usr/include/mysql/mysql.h:430: error: expected ‘)’ before ‘*’ token
/usr/include/mysql/mysql.h:431: error: expected ‘)’ before ‘*’ token
/usr/include/mysql/mysql.h:432: error: expected ‘)’ before ‘*’ token
/usr/include/mysql/mysql.h:434: error: expected declaration specifiers before ‘MYSQL’
/usr/include/mysql/mysql.h:435: error: expected declaration specifiers before ‘my_bool’
/usr/include/mysql/mysql.h:438: error: expected ‘)’ before ‘*’ token
/usr/include/mysql/mysql.h:439: error: expected declaration specifiers before ‘my_bool’
/usr/include/mysql/mysql.h:441: error: expected declaration specifiers before ‘MYSQL’
/usr/include/mysql/mysql.h:448: error: expected ‘)’ before ‘*’ token
/usr/include/mysql/mysql.h:449: error: expected ‘)’ before ‘*’ token
/usr/include/mysql/mysql.h:450: error: expected ‘)’ before ‘*’ token
/usr/include/mysql/mysql.h:452: error: expected ‘)’ before ‘*’ token
/usr/include/mysql/mysql.h:454: error: expected declaration specifiers before ‘MYSQL_RES’
/usr/include/mysql/mysql.h:455: error: expected declaration specifiers before ‘MYSQL_RES’
/usr/include/mysql/mysql.h:458: error: expected declaration specifiers before ‘my_bool’
/usr/include/mysql/mysql.h:460: error: expected declaration specifiers before ‘my_bool’
/usr/include/mysql/mysql.h:463: error: expected declaration specifiers before ‘my_bool’
/usr/include/mysql/mysql.h:465: error: expected declaration specifiers before ‘my_bool’
/usr/include/mysql/mysql.h:467: error: expected ‘)’ before ‘*’ token
/usr/include/mysql/mysql.h:475: error: expected ‘)’ before ‘*’ token
/usr/include/mysql/mysql.h:486: error: expected ‘)’ before ‘*’ token
/usr/include/mysql/mysql.h:493: error: expected ‘)’ before ‘*’ token
/usr/include/mysql/mysql.h:494: error: expected ‘)’ before ‘*’ token
/usr/include/mysql/mysql.h:496: error: expected ‘)’ before ‘*’ token
/usr/include/mysql/mysql.h:499: error: expected ‘)’ before ‘*’ token
/usr/include/mysql/mysql.h:500: error: expected ‘)’ before ‘*’ token
/usr/include/mysql/mysql.h:502: error: expected declaration specifiers before ‘my_bool’
/usr/include/mysql/mysql.h:507: error: expected declaration specifiers before ‘my_bool’
/usr/include/mysql/mysql.h:510: error: expected ‘)’ before ‘*’ token
/usr/include/mysql/mysql.h:514: error: expected ‘)’ before ‘*’ token
/usr/include/mysql/mysql.h:519: error: expected ‘)’ before ‘*’ token
/usr/include/mysql/mysql.h:522: error: expected ‘)’ before ‘*’ token
/usr/include/mysql/mysql.h:523: error: expected ‘)’ before ‘*’ token
/usr/include/mysql/mysql.h:525: error: expected ‘)’ before ‘*’ token
/usr/include/mysql/mysql.h:526: error: expected ‘)’ before ‘*’ token
/usr/include/mysql/mysql.h:529: error: expected ‘)’ before ‘*’ token
/usr/include/mysql/mysql.h:530: error: expected ‘)’ before ‘*’ token
/usr/include/mysql/mysql.h:531: error: expected ‘)’ before ‘*’ token
/usr/include/mysql/mysql.h:534: error: expected ‘)’ before ‘*’ token
/usr/include/mysql/mysql.h:535: error: expected ‘)’ before ‘*’ token
/usr/include/mysql/mysql.h:536: error: expected ‘)’ before ‘*’ token
/usr/include/mysql/mysql.h:537: error: expected declaration specifiers before ‘MYSQL_RES’
/usr/include/mysql/mysql.h:538: error: expected declaration specifiers before ‘MYSQL_RES’
/usr/include/mysql/mysql.h:539: error: expected declaration specifiers before ‘MYSQL_RES’
/usr/include/mysql/mysql.h:540: error: expected ‘)’ before ‘*’ token
/usr/include/mysql/mysql.h:542: error: expected ‘)’ before ‘*’ token
/usr/include/mysql/mysql.h:543: error: expected ‘)’ before ‘*’ token
/usr/include/mysql/mysql.h:545: error: expected declaration specifiers before ‘MYSQL_ROW_OFFSET’
/usr/include/mysql/mysql.h:547: error: expected declaration specifiers before ‘MYSQL_FIELD_OFFSET’
/usr/include/mysql/mysql.h:549: error: expected declaration specifiers before ‘MYSQL_ROW’
/usr/include/mysql/mysql.h:550: error: expected ‘)’ before ‘*’ token
/usr/include/mysql/mysql.h:551: error: expected declaration specifiers before ‘MYSQL_FIELD’
/usr/include/mysql/mysql.h:552: error: expected declaration specifiers before ‘MYSQL_RES’
/usr/include/mysql/mysql.h:558: error: expected ‘)’ before ‘*’ token
/usr/include/mysql/mysql.h:562: error: expected ‘)’ before ‘*’ token
/usr/include/mysql/mysql.h:564: error: expected declaration specifiers before ‘my_bool’
/usr/include/mysql/mysql.h:565: error: expected declaration specifiers before ‘MYSQL_MANAGER’
/usr/include/mysql/mysql.h:566: error: expected declaration specifiers before ‘MYSQL_MANAGER’
/usr/include/mysql/mysql.h:571: error: expected ‘)’ before ‘*’ token
/usr/include/mysql/mysql.h:572: error: expected ‘)’ before ‘*’ token
/usr/include/mysql/mysql.h:574: error: expected ‘)’ before ‘*’ token
/usr/include/mysql/mysql.h:577: error: expected declaration specifiers before ‘my_bool’
/usr/include/mysql/mysql.h:659: error: expected specifier-qualifier-list before ‘my_bool’
/usr/include/mysql/mysql.h:681: error: storage class specified for parameter ‘MYSQL_BIND’
/usr/include/mysql/mysql.h:687: error: expected specifier-qualifier-list before ‘MEM_ROOT’
/usr/include/mysql/mysql.h:730: error: storage class specified for parameter ‘MYSQL_STMT’
/usr/include/mysql/mysql.h:757: error: expected specifier-qualifier-list before ‘my_bool’
/usr/include/mysql/mysql.h:784: error: storage class specified for parameter ‘MYSQL_METHODS’
/usr/include/mysql/mysql.h:787: error: expected declaration specifiers before ‘MYSQL_STMT’
/usr/include/mysql/mysql.h:788: error: expected ‘)’ before ‘*’ token
/usr/include/mysql/mysql.h:790: error: expected ‘)’ before ‘*’ token
/usr/include/mysql/mysql.h:791: error: expected ‘)’ before ‘*’ token
/usr/include/mysql/mysql.h:792: error: expected ‘)’ before ‘*’ token
/usr/include/mysql/mysql.h:795: error: expected ‘)’ before ‘*’ token
/usr/include/mysql/mysql.h:796: error: expected ‘)’ before ‘*’ token
/usr/include/mysql/mysql.h:797: error: expected declaration specifiers before ‘my_bool’
/usr/include/mysql/mysql.h:800: error: expected declaration specifiers before ‘my_bool’
/usr/include/mysql/mysql.h:803: error: expected declaration specifiers before ‘my_bool’
/usr/include/mysql/mysql.h:804: error: expected declaration specifiers before ‘my_bool’
/usr/include/mysql/mysql.h:805: error: expected declaration specifiers before ‘my_bool’
/usr/include/mysql/mysql.h:806: error: expected declaration specifiers before ‘my_bool’
/usr/include/mysql/mysql.h:807: error: expected declaration specifiers before ‘my_bool’
/usr/include/mysql/mysql.h:808: error: expected declaration specifiers before ‘my_bool’
/usr/include/mysql/mysql.h:812: error: expected declaration specifiers before ‘MYSQL_RES’
/usr/include/mysql/mysql.h:813: error: expected declaration specifiers before ‘MYSQL_RES’
/usr/include/mysql/mysql.h:814: error: expected ‘)’ before ‘*’ token
/usr/include/mysql/mysql.h:815: error: expected ‘)’ before ‘*’ token
/usr/include/mysql/mysql.h:816: error: expected ‘)’ before ‘*’ token
/usr/include/mysql/mysql.h:817: error: expected declaration specifiers before ‘MYSQL_ROW_OFFSET’
/usr/include/mysql/mysql.h:819: error: expected declaration specifiers before ‘MYSQL_ROW_OFFSET’
/usr/include/mysql/mysql.h:820: error: expected ‘)’ before ‘*’ token
/usr/include/mysql/mysql.h:821: error: expected declaration specifiers before ‘my_ulonglong’
/usr/include/mysql/mysql.h:822: error: expected declaration specifiers before ‘my_ulonglong’
/usr/include/mysql/mysql.h:823: error: expected declaration specifiers before ‘my_ulonglong’
/usr/include/mysql/mysql.h:824: error: expected ‘)’ before ‘*’ token
/usr/include/mysql/mysql.h:826: error: expected declaration specifiers before ‘my_bool’
/usr/include/mysql/mysql.h:827: error: expected declaration specifiers before ‘my_bool’
/usr/include/mysql/mysql.h:828: error: expected declaration specifiers before ‘my_bool’
/usr/include/mysql/mysql.h:829: error: expected declaration specifiers before ‘my_bool’
/usr/include/mysql/mysql.h:830: error: expected ‘)’ before ‘*’ token
/usr/include/mysql/mysql.h:831: error: expected ‘)’ before ‘*’ token
msdaemon.c:22: error: expected ‘=’, ‘,’, ‘;’, ‘asm’ or ‘__attribute__’ before ‘{’ token
msdaemon.c:61: error: expected ‘=’, ‘,’, ‘;’, ‘asm’ or ‘__attribute__’ before ‘{’ token
msdaemon.c:89: error: expected ‘=’, ‘,’, ‘;’, ‘asm’ or ‘__attribute__’ before ‘{’ token
msdaemon.c:96: error: expected ‘=’, ‘,’, ‘;’, ‘asm’ or ‘__attribute__’ before ‘{’ token
settings.h:14: error: old-style parameter declarations in prototyped function definition
settings.h:14: error: parameter name omitted
msdaemon.c:100: error: expected ‘{’ at end of input
msdaemon.c: In function ‘getsetting’:
msdaemon.c:100: error: expected declaration or statement at end of input
./settings.h: In function ‘getsetting’:
./settings.h:13: error: parameter name omitted
./settings.h: In function ‘print_element_names’:
./settings.h:16: error: expected ‘=’, ‘,’, ‘;’, ‘asm’ or ‘__attribute__’ before ‘int’
./settings.h:14: error: parameter name omitted
./settings.h: In function ‘getsetting’:
./settings.h:16: error: expected declaration or statement at end of input
make: *** [msdaemon.o] Error 1
